c:\wkspaces\cscript\interpreter\x64\release\interpreter.pch
c:\wkspaces\cscript\interpreter\x64\release\vc143.pdb
c:\wkspaces\cscript\interpreter\x64\release\pch.obj
c:\wkspaces\cscript\interpreter\x64\release\stackoperations.obj
c:\wkspaces\cscript\interpreter\x64\release\mathoperations.obj
c:\wkspaces\cscript\interpreter\x64\release\flowoperations.obj
c:\wkspaces\cscript\interpreter\x64\release\dllmain.obj
c:\wkspaces\cscript\interpreter\x64\release\interpreter.ipdb
c:\wkspaces\cscript\interpreter\x64\release\interpreter.iobj
c:\wkspaces\cscript\interpreter\x64\release\interpreter.dll
c:\wkspaces\cscript\interpreter\x64\release\interpreter.pdb
c:\wkspaces\cscript\interpreter\x64\release\interpreter.lib
c:\wkspaces\cscript\interpreter\x64\release\interpreter.exp
c:\wkspaces\cscript\interpreter\x64\release\interpretertests.exp
c:\wkspaces\cscript\interpreter\x64\release\interpreter.tlog\cl.command.1.tlog
c:\wkspaces\cscript\interpreter\x64\release\interpreter.tlog\cl.items.tlog
c:\wkspaces\cscript\interpreter\x64\release\interpreter.tlog\cl.read.1.tlog
c:\wkspaces\cscript\interpreter\x64\release\interpreter.tlog\cl.write.1.tlog
c:\wkspaces\cscript\interpreter\x64\release\interpreter.tlog\link.command.1.tlog
c:\wkspaces\cscript\interpreter\x64\release\interpreter.tlog\link.read.1.tlog
c:\wkspaces\cscript\interpreter\x64\release\interpreter.tlog\link.write.1.tlog
c:\wkspaces\cscript\interpreter\x64\release\interpreter.tlog\link.write.2u.tlog
